2017-05-06 18:55:29 [scrapy.utils.log] INFO: Scrapy 1.3.2 started (bot: liepin)
2017-05-06 18:55:29 [scrapy.utils.log] INFO: Overridden settings: {'BOT_NAME': 'liepin', 'COOKIES_ENABLED': False, 'DOWNLOAD_DELAY': 2, 'DUPEFILTER_CLASS': 'scrapy_splash.SplashAwareDupeFilter', 'FEED_EXPORT_FIELDS': ['lp_job_id', 'lp_co_nm', 'lp_co_lk', 'lp_co_tag', 'lp_co_stf_num', 'lp_co_ownership', 'lp_co_add', 'lp_co_intro', 'lp_job_pub_nm', 'lp_job_pub_pos', 'lp_job_apply_check_rate', 'lp_job_apply_check_dur', 'lp_job_nm', 'lp_job_salary', 'lp_job_apply_fdbk', 'lp_job_add', 'lp_job_pub_time', 'lp_job_quals', 'lp_job_descr', 'lp_job_dept', 'lp_job_major', 'lp_job_boss', 'lp_job_subordinate', 'lp_update_datetime'], 'FEED_FORMAT': 'csv', 'FEED_URI': '/root/users/WSY/liepin_search/%(name)s.txt', 'HTTPCACHE_STORAGE': 'scrapy_splash.SplashAwareFSCacheStorage', 'LOG_FILE': 'liepinsearch.log', 'LOG_LEVEL': 'INFO', 'LOG_STDOUT': True, 'NEWSPIDER_MODULE': 'liepin.spiders', 'SPIDER_MODULES': ['liepin.spiders']}
2017-05-06 18:55:29 [scrapy.middleware] INFO: Enabled extensions:
['scrapy.extensions.corestats.CoreStats',
 'scrapy.extensions.telnet.TelnetConsole',
 'scrapy.extensions.feedexport.FeedExporter',
 'scrapy.extensions.logstats.LogStats']
2017-05-06 18:55:29 [scrapy.middleware] INFO: Enabled downloader middlewares:
['scrapy.downloadermiddlewares.httpauth.HttpAuthMiddleware',
 'scrapy.downloadermiddlewares.downloadtimeout.DownloadTimeoutMiddleware',
 'scrapy.downloadermiddlewares.defaultheaders.DefaultHeadersMiddleware',
 'liepin.spiders.rotate_useragent.RotateUserAgentMiddleware',
 'scrapy.downloadermiddlewares.useragent.UserAgentMiddleware',
 'scrapy.downloadermiddlewares.retry.RetryMiddleware',
 'scrapy.downloadermiddlewares.redirect.MetaRefreshMiddleware',
 'scrapy.downloadermiddlewares.redirect.RedirectMiddleware',
 'scrapy.downloadermiddlewares.httpcompression.HttpCompressionMiddleware',
 'scrapy.downloadermiddlewares.stats.DownloaderStats']
2017-05-06 18:55:29 [scrapy.middleware] INFO: Enabled spider middlewares:
['scrapy.spidermiddlewares.httperror.HttpErrorMiddleware',
 'scrapy_splash.SplashDeduplicateArgsMiddleware',
 'scrapy.spidermiddlewares.offsite.OffsiteMiddleware',
 'scrapy.spidermiddlewares.referer.RefererMiddleware',
 'scrapy.spidermiddlewares.urllength.UrlLengthMiddleware',
 'scrapy.spidermiddlewares.depth.DepthMiddleware']
2017-05-06 18:55:29 [twisted] CRITICAL: Unhandled error in Deferred:
2017-05-06 18:55:29 [twisted] CRITICAL: 
Traceback (most recent call last):
  File "/Library/Frameworks/Python.framework/Versions/3.6/lib/python3.6/site-packages/scrapy/utils/misc.py", line 47, in load_object
    obj = getattr(mod, name)
AttributeError: module 'liepin.pipelines' has no attribute 'LiepinPipeline'

During handling of the above exception, another exception occurred:

Traceback (most recent call last):
  File "/Library/Frameworks/Python.framework/Versions/3.6/lib/python3.6/site-packages/twisted/internet/defer.py", line 1301, in _inlineCallbacks
    result = g.send(result)
  File "/Library/Frameworks/Python.framework/Versions/3.6/lib/python3.6/site-packages/scrapy/crawler.py", line 72, in crawl
    self.engine = self._create_engine()
  File "/Library/Frameworks/Python.framework/Versions/3.6/lib/python3.6/site-packages/scrapy/crawler.py", line 97, in _create_engine
    return ExecutionEngine(self, lambda _: self.stop())
  File "/Library/Frameworks/Python.framework/Versions/3.6/lib/python3.6/site-packages/scrapy/core/engine.py", line 70, in __init__
    self.scraper = Scraper(crawler)
  File "/Library/Frameworks/Python.framework/Versions/3.6/lib/python3.6/site-packages/scrapy/core/scraper.py", line 71, in __init__
    self.itemproc = itemproc_cls.from_crawler(crawler)
  File "/Library/Frameworks/Python.framework/Versions/3.6/lib/python3.6/site-packages/scrapy/middleware.py", line 58, in from_crawler
    return cls.from_settings(crawler.settings, crawler)
  File "/Library/Frameworks/Python.framework/Versions/3.6/lib/python3.6/site-packages/scrapy/middleware.py", line 34, in from_settings
    mwcls = load_object(clspath)
  File "/Library/Frameworks/Python.framework/Versions/3.6/lib/python3.6/site-packages/scrapy/utils/misc.py", line 49, in load_object
    raise NameError("Module '%s' doesn't define any object named '%s'" % (module, name))
NameError: Module 'liepin.pipelines' doesn't define any object named 'LiepinPipeline'
2017-05-06 19:08:01 [scrapy.utils.log] INFO: Scrapy 1.3.2 started (bot: liepin)
2017-05-06 19:08:01 [scrapy.utils.log] INFO: Overridden settings: {'BOT_NAME': 'liepin', 'COOKIES_ENABLED': False, 'DOWNLOAD_DELAY': 2, 'DUPEFILTER_CLASS': 'scrapy_splash.SplashAwareDupeFilter', 'FEED_EXPORT_FIELDS': ['lp_job_id', 'lp_co_nm', 'lp_co_lk', 'lp_co_tag', 'lp_co_stf_num', 'lp_co_ownership', 'lp_co_add', 'lp_co_intro', 'lp_job_pub_nm', 'lp_job_pub_pos', 'lp_job_apply_check_rate', 'lp_job_apply_check_dur', 'lp_job_nm', 'lp_job_salary', 'lp_job_apply_fdbk', 'lp_job_add', 'lp_job_pub_time', 'lp_job_quals', 'lp_job_descr', 'lp_job_dept', 'lp_job_major', 'lp_job_boss', 'lp_job_subordinate'], 'FEED_FORMAT': 'csv', 'HTTPCACHE_STORAGE': 'scrapy_splash.SplashAwareFSCacheStorage', 'LOG_FILE': 'liepinsearch.log', 'LOG_LEVEL': 'INFO', 'LOG_STDOUT': True, 'NEWSPIDER_MODULE': 'liepin.spiders', 'SPIDER_MODULES': ['liepin.spiders']}
2017-05-06 19:08:01 [scrapy.middleware] INFO: Enabled extensions:
['scrapy.extensions.corestats.CoreStats',
 'scrapy.extensions.telnet.TelnetConsole',
 'scrapy.extensions.logstats.LogStats']
2017-05-06 19:08:01 [scrapy.middleware] INFO: Enabled downloader middlewares:
['scrapy.downloadermiddlewares.httpauth.HttpAuthMiddleware',
 'scrapy.downloadermiddlewares.downloadtimeout.DownloadTimeoutMiddleware',
 'scrapy.downloadermiddlewares.defaultheaders.DefaultHeadersMiddleware',
 'liepin.spiders.rotate_useragent.RotateUserAgentMiddleware',
 'scrapy.downloadermiddlewares.useragent.UserAgentMiddleware',
 'scrapy.downloadermiddlewares.retry.RetryMiddleware',
 'scrapy.downloadermiddlewares.redirect.MetaRefreshMiddleware',
 'scrapy.downloadermiddlewares.redirect.RedirectMiddleware',
 'scrapy.downloadermiddlewares.httpcompression.HttpCompressionMiddleware',
 'scrapy.downloadermiddlewares.stats.DownloaderStats']
2017-05-06 19:08:01 [scrapy.middleware] INFO: Enabled spider middlewares:
['scrapy.spidermiddlewares.httperror.HttpErrorMiddleware',
 'scrapy_splash.SplashDeduplicateArgsMiddleware',
 'scrapy.spidermiddlewares.offsite.OffsiteMiddleware',
 'scrapy.spidermiddlewares.referer.RefererMiddleware',
 'scrapy.spidermiddlewares.urllength.UrlLengthMiddleware',
 'scrapy.spidermiddlewares.depth.DepthMiddleware']
2017-05-06 19:08:01 [scrapy.middleware] INFO: Enabled item pipelines:
['liepin.pipelines.LiepinPipeline']
2017-05-06 19:08:01 [scrapy.core.engine] INFO: Spider opened
2017-05-06 19:08:01 [scrapy.extensions.logstats] INFO: Crawled 0 pages (at 0 pages/min), scraped 0 items (at 0 items/min)
2017-05-06 19:08:15 [scrapy.crawler] INFO: Received SIG_UNBLOCK, shutting down gracefully. Send again to force 
2017-05-06 19:08:15 [scrapy.core.engine] INFO: Closing spider (shutdown)
2017-05-06 19:08:18 [scrapy.crawler] INFO: Received SIG_UNBLOCK twice, forcing unclean shutdown
2017-05-06 19:13:04 [scrapy.utils.log] INFO: Scrapy 1.3.3 started (bot: liepin)
2017-05-06 19:13:04 [scrapy.utils.log] INFO: Overridden settings: {'DUPEFILTER_CLASS': 'scrapy_splash.SplashAwareDupeFilter', 'COOKIES_ENABLED': False, 'NEWSPIDER_MODULE': 'liepin.spiders', 'BOT_NAME': 'liepin', 'FEED_URI': '/root/users/WSY/liepin_search/%(name)s.txt', 'FEED_FORMAT': 'csv', 'SPIDER_MODULES': ['liepin.spiders'], 'HTTPCACHE_STORAGE': 'scrapy_splash.SplashAwareFSCacheStorage', 'LOG_FILE': 'liepinsearch.log', 'LOG_STDOUT': True, 'FEED_EXPORT_FIELDS': ['lp_job_id', 'lp_co_nm', 'lp_co_lk', 'lp_co_tag', 'lp_co_stf_num', 'lp_co_ownership', 'lp_co_add', 'lp_co_intro', 'lp_job_pub_nm', 'lp_job_pub_pos', 'lp_job_apply_check_rate', 'lp_job_apply_check_dur', 'lp_job_nm', 'lp_job_salary', 'lp_job_apply_fdbk', 'lp_job_add', 'lp_job_pub_time', 'lp_job_quals', 'lp_job_descr', 'lp_job_dept', 'lp_job_major', 'lp_job_boss', 'lp_job_subordinate'], 'LOG_LEVEL': 'INFO', 'DOWNLOAD_DELAY': 2}
2017-05-06 19:13:22 [scrapy.utils.log] INFO: Scrapy 1.3.3 started (bot: liepin)
2017-05-06 19:13:22 [scrapy.utils.log] INFO: Overridden settings: {'NEWSPIDER_MODULE': 'liepin.spiders', 'BOT_NAME': 'liepin', 'COOKIES_ENABLED': False, 'FEED_EXPORT_FIELDS': ['lp_job_id', 'lp_co_nm', 'lp_co_lk', 'lp_co_tag', 'lp_co_stf_num', 'lp_co_ownership', 'lp_co_add', 'lp_co_intro', 'lp_job_pub_nm', 'lp_job_pub_pos', 'lp_job_apply_check_rate', 'lp_job_apply_check_dur', 'lp_job_nm', 'lp_job_salary', 'lp_job_apply_fdbk', 'lp_job_add', 'lp_job_pub_time', 'lp_job_quals', 'lp_job_descr', 'lp_job_dept', 'lp_job_major', 'lp_job_boss', 'lp_job_subordinate'], 'LOG_STDOUT': True, 'LOG_LEVEL': 'INFO', 'LOG_FILE': 'liepinsearch.log', 'FEED_URI': '/root/users/WSY/liepin_search/%(name)s.txt', 'SPIDER_MODULES': ['liepin.spiders'], 'HTTPCACHE_STORAGE': 'scrapy_splash.SplashAwareFSCacheStorage', 'DUPEFILTER_CLASS': 'scrapy_splash.SplashAwareDupeFilter', 'DOWNLOAD_DELAY': 2, 'FEED_FORMAT': 'csv'}
2017-05-06 19:13:22 [scrapy.middleware] INFO: Enabled extensions:
['scrapy.extensions.feedexport.FeedExporter',
 'scrapy.extensions.corestats.CoreStats',
 'scrapy.extensions.telnet.TelnetConsole',
 'scrapy.extensions.logstats.LogStats']
2017-05-06 19:13:22 [scrapy.middleware] INFO: Enabled downloader middlewares:
['scrapy.downloadermiddlewares.httpauth.HttpAuthMiddleware',
 'scrapy.downloadermiddlewares.downloadtimeout.DownloadTimeoutMiddleware',
 'liepin.spiders.rotate_useragent.RotateUserAgentMiddleware',
 'scrapy.downloadermiddlewares.defaultheaders.DefaultHeadersMiddleware',
 'scrapy.downloadermiddlewares.useragent.UserAgentMiddleware',
 'scrapy.downloadermiddlewares.retry.RetryMiddleware',
 'scrapy.downloadermiddlewares.redirect.MetaRefreshMiddleware',
 'scrapy.downloadermiddlewares.redirect.RedirectMiddleware',
 'scrapy.downloadermiddlewares.httpcompression.HttpCompressionMiddleware',
 'scrapy.downloadermiddlewares.stats.DownloaderStats']
2017-05-06 19:13:22 [scrapy.middleware] INFO: Enabled spider middlewares:
['scrapy.spidermiddlewares.httperror.HttpErrorMiddleware',
 'scrapy_splash.SplashDeduplicateArgsMiddleware',
 'scrapy.spidermiddlewares.offsite.OffsiteMiddleware',
 'scrapy.spidermiddlewares.referer.RefererMiddleware',
 'scrapy.spidermiddlewares.urllength.UrlLengthMiddleware',
 'scrapy.spidermiddlewares.depth.DepthMiddleware']
2017-05-06 19:13:22 [scrapy.middleware] INFO: Enabled item pipelines:
['liepin.pipelines.LiepinPipeline']
2017-05-06 19:13:22 [scrapy.core.engine] INFO: Spider opened
2017-05-06 19:13:22 [scrapy.extensions.logstats] INFO: Crawled 0 pages (at 0 pages/min), scraped 0 items (at 0 items/min)
2017-05-06 19:14:22 [scrapy.extensions.logstats] INFO: Crawled 24 pages (at 24 pages/min), scraped 21 items (at 21 items/min)
2017-05-06 19:14:27 [scrapy.crawler] INFO: Received SIG_SETMASK, shutting down gracefully. Send again to force 
2017-05-06 19:14:27 [scrapy.core.engine] INFO: Closing spider (shutdown)
2017-05-06 19:14:29 [scrapy.crawler] INFO: Received SIG_SETMASK twice, forcing unclean shutdown
2017-05-06 19:18:06 [scrapy.utils.log] INFO: Scrapy 1.3.3 started (bot: liepin)
2017-05-06 19:18:06 [scrapy.utils.log] INFO: Overridden settings: {'NEWSPIDER_MODULE': 'liepin.spiders', 'COOKIES_ENABLED': False, 'BOT_NAME': 'liepin', 'LOG_FILE': 'liepinsearch.log', 'FEED_FORMAT': 'csv', 'LOG_LEVEL': 'INFO', 'SPIDER_MODULES': ['liepin.spiders'], 'DOWNLOAD_DELAY': 2, 'HTTPCACHE_STORAGE': 'scrapy_splash.SplashAwareFSCacheStorage', 'FEED_URI': '/root/users/WSY/liepin_search/%(name)s.csv', 'DUPEFILTER_CLASS': 'scrapy_splash.SplashAwareDupeFilter', 'LOG_STDOUT': True, 'FEED_EXPORT_FIELDS': ['lp_job_id', 'lp_co_nm', 'lp_co_lk', 'lp_co_tag', 'lp_co_stf_num', 'lp_co_ownership', 'lp_co_add', 'lp_co_intro', 'lp_job_pub_nm', 'lp_job_pub_pos', 'lp_job_apply_check_rate', 'lp_job_apply_check_dur', 'lp_job_nm', 'lp_job_salary', 'lp_job_apply_fdbk', 'lp_job_add', 'lp_job_pub_time', 'lp_job_quals', 'lp_job_descr', 'lp_job_dept', 'lp_job_major', 'lp_job_boss', 'lp_job_subordinate']}
2017-05-06 19:18:06 [scrapy.middleware] INFO: Enabled extensions:
['scrapy.extensions.corestats.CoreStats',
 'scrapy.extensions.feedexport.FeedExporter',
 'scrapy.extensions.telnet.TelnetConsole',
 'scrapy.extensions.logstats.LogStats']
2017-05-06 19:18:06 [scrapy.middleware] INFO: Enabled downloader middlewares:
['scrapy.downloadermiddlewares.httpauth.HttpAuthMiddleware',
 'scrapy.downloadermiddlewares.downloadtimeout.DownloadTimeoutMiddleware',
 'liepin.spiders.rotate_useragent.RotateUserAgentMiddleware',
 'scrapy.downloadermiddlewares.defaultheaders.DefaultHeadersMiddleware',
 'scrapy.downloadermiddlewares.useragent.UserAgentMiddleware',
 'scrapy.downloadermiddlewares.retry.RetryMiddleware',
 'scrapy.downloadermiddlewares.redirect.MetaRefreshMiddleware',
 'scrapy.downloadermiddlewares.redirect.RedirectMiddleware',
 'scrapy.downloadermiddlewares.httpcompression.HttpCompressionMiddleware',
 'scrapy.downloadermiddlewares.stats.DownloaderStats']
2017-05-06 19:18:06 [scrapy.middleware] INFO: Enabled spider middlewares:
['scrapy.spidermiddlewares.httperror.HttpErrorMiddleware',
 'scrapy_splash.SplashDeduplicateArgsMiddleware',
 'scrapy.spidermiddlewares.offsite.OffsiteMiddleware',
 'scrapy.spidermiddlewares.referer.RefererMiddleware',
 'scrapy.spidermiddlewares.urllength.UrlLengthMiddleware',
 'scrapy.spidermiddlewares.depth.DepthMiddleware']
2017-05-06 19:18:06 [scrapy.middleware] INFO: Enabled item pipelines:
['liepin.pipelines.LiepinPipeline']
2017-05-06 19:18:06 [scrapy.core.engine] INFO: Spider opened
2017-05-06 19:18:06 [scrapy.extensions.logstats] INFO: Crawled 0 pages (at 0 pages/min), scraped 0 items (at 0 items/min)
2017-05-06 19:19:06 [scrapy.extensions.logstats] INFO: Crawled 25 pages (at 25 pages/min), scraped 22 items (at 22 items/min)
2017-05-06 19:20:06 [scrapy.extensions.logstats] INFO: Crawled 49 pages (at 24 pages/min), scraped 45 items (at 23 items/min)
2017-05-06 19:21:06 [scrapy.extensions.logstats] INFO: Crawled 74 pages (at 25 pages/min), scraped 68 items (at 23 items/min)
2017-05-06 19:22:06 [scrapy.extensions.logstats] INFO: Crawled 98 pages (at 24 pages/min), scraped 92 items (at 24 items/min)
2017-05-06 19:23:06 [scrapy.extensions.logstats] INFO: Crawled 122 pages (at 24 pages/min), scraped 116 items (at 24 items/min)
2017-05-06 19:24:06 [scrapy.extensions.logstats] INFO: Crawled 147 pages (at 25 pages/min), scraped 141 items (at 25 items/min)
2017-05-06 19:25:06 [scrapy.extensions.logstats] INFO: Crawled 172 pages (at 25 pages/min), scraped 166 items (at 25 items/min)
2017-05-06 19:26:06 [scrapy.extensions.logstats] INFO: Crawled 196 pages (at 24 pages/min), scraped 190 items (at 24 items/min)
2017-05-06 19:27:06 [scrapy.extensions.logstats] INFO: Crawled 219 pages (at 23 pages/min), scraped 213 items (at 23 items/min)
2017-05-06 19:27:42 [scrapy.core.engine] INFO: Closing spider (finished)
2017-05-06 19:27:42 [scrapy.extensions.feedexport] INFO: Stored csv feed (228 items) in: /root/users/WSY/liepin_search/lpsearch.csv
2017-05-06 19:27:42 [scrapy.statscollectors] INFO: Dumping Scrapy stats:
{'downloader/request_bytes': 122495,
 'downloader/request_count': 234,
 'downloader/request_method_count/GET': 234,
 'downloader/response_bytes': 3195762,
 'downloader/response_count': 234,
 'downloader/response_status_count/200': 234,
 'dupefilter/filtered': 11,
 'finish_reason': 'finished',
 'finish_time': datetime.datetime(2017, 5, 6, 11, 27, 42, 697514),
 'item_scraped_count': 228,
 'log_count/INFO': 17,
 'offsite/filtered': 1,
 'request_depth_max': 6,
 'response_received_count': 234,
 'scheduler/dequeued': 234,
 'scheduler/dequeued/memory': 234,
 'scheduler/enqueued': 234,
 'scheduler/enqueued/memory': 234,
 'start_time': datetime.datetime(2017, 5, 6, 11, 18, 6, 384968)}
2017-05-06 19:27:42 [scrapy.core.engine] INFO: Spider closed (finished)
